#
# A fatal error has been detected by the Java Runtime Environment:
#
#  Internal Error (generateOopMap.cpp:2164), pid=9008, tid=22472
#  fatal error: Illegal class file encountered. Try running with -Xverify:all in method generar_updatesDiarios
#
# JRE version: Java(TM) SE Runtime Environment (16.0.2+7) (build 16.0.2+7-67)
# Java VM: Java HotSpot(TM) 64-Bit Server VM (16.0.2+7-67, mixed mode, sharing, tiered, compressed oops, compressed class ptrs, g1 gc, windows-amd64)
# No core dump will be written. Minidumps are not enabled by default on client versions of Windows
#
# If you would like to submit a bug report, please visit:
#   https://bugreport.java.com/bugreport/crash.jsp
#

---------------  S U M M A R Y ------------

Command Line: -XX:+ShowCodeDetailsInExceptionMessages -agentlib:jdwp=transport=dt_socket,suspend=y,address=localhost:61012 -javaagent:D:\Programas\java-2021-09\eclipse\configuration\org.eclipse.osgi\222\0\.cp\lib\javaagent-shaded.jar -Dfile.encoding=UTF-8 com.antogo.MongoDBFinal.App

Host: Intel(R) Core(TM) i7-10700KF CPU @ 3.80GHz, 16 cores, 15G,  Windows 10 , 64 bit Build 22000 (10.0.22000.434)
Time: Thu Feb 17 17:33:17 2022 Hora estándar romance elapsed time: 355.277099 seconds (0d 0h 5m 55s)

---------------  T H R E A D  ---------------

Current thread (0x000001fd24b415c0):  VMThread "VM Thread" [stack: 0x00000023fc200000,0x00000023fc300000] [id=22472]

Stack: [0x00000023fc200000,0x00000023fc300000]
Native frames: (J=compiled Java code, j=interpreted, Vv=VM code, C=native code)
V  [jvm.dll+0x6681ca]
V  [jvm.dll+0x7c9e69]
V  [jvm.dll+0x7cb61e]
V  [jvm.dll+0x7cbc27]
V  [jvm.dll+0x2429b3]
V  [jvm.dll+0x330cf9]
V  [jvm.dll+0x330719]
V  [jvm.dll+0x32df37]
V  [jvm.dll+0x32f72e]
V  [jvm.dll+0x32cdaf]
V  [jvm.dll+0x32c037]
V  [jvm.dll+0x656cce]
V  [jvm.dll+0x6569d3]
V  [jvm.dll+0x61c1e8]
V  [jvm.dll+0x7c18f5]
V  [jvm.dll+0x520446]
V  [jvm.dll+0x7d00ab]
V  [jvm.dll+0x7d0da4]
V  [jvm.dll+0x7d12a9]
V  [jvm.dll+0x7d1564]
V  [jvm.dll+0x7d1630]
V  [jvm.dll+0x7795aa]
V  [jvm.dll+0x667066]
C  [ucrtbase.dll+0x26c0c]
C  [KERNEL32.DLL+0x154e0]
C  [ntdll.dll+0x485b]

VM_Operation (0x00000023fd0ff300): get/set locals, mode: safepoint, requested by thread 0x000001fd256e7620


---------------  P R O C E S S  ---------------

Threads class SMR info:
_java_thread_list=0x000001fd258720a0, length=19, elements={
0x000001fd7fefbe50, 0x000001fd24b45120, 0x000001fd24b45d90, 0x000001fd24b56c20,
0x000001fd24b57530, 0x000001fd24b57e40, 0x000001fd24b5bc50, 0x000001fd24b648a0,
0x000001fd25538120, 0x000001fd25540a70, 0x000001fd25635f60, 0x000001fd256e7620,
0x000001fd25709150, 0x000001fd257774f0, 0x000001fd256364b0, 0x000001fd25636a00,
0x000001fd256374a0, 0x000001fd265bfc70, 0x000001fd265c0710
}

Java Threads: ( => current thread )
  0x000001fd7fefbe50 JavaThread "main" [_thread_blocked, id=12580, stack(0x00000023fbc00000,0x00000023fbd00000)]
  0x000001fd24b45120 JavaThread "Reference Handler" daemon [_thread_blocked, id=5188, stack(0x00000023fc300000,0x00000023fc400000)]
  0x000001fd24b45d90 JavaThread "Finalizer" daemon [_thread_blocked, id=14660, stack(0x00000023fc400000,0x00000023fc500000)]
  0x000001fd24b56c20 JavaThread "Signal Dispatcher" daemon [_thread_blocked, id=5052, stack(0x00000023fc500000,0x00000023fc600000)]
  0x000001fd24b57530 JavaThread "Attach Listener" daemon [_thread_blocked, id=12056, stack(0x00000023fc600000,0x00000023fc700000)]
  0x000001fd24b57e40 JavaThread "Service Thread" daemon [_thread_blocked, id=25120, stack(0x00000023fc700000,0x00000023fc800000)]
  0x000001fd24b5bc50 JavaThread "Monitor Deflation Thread" daemon [_thread_blocked, id=9904, stack(0x00000023fc800000,0x00000023fc900000)]
  0x000001fd24b648a0 JavaThread "C2 CompilerThread0" daemon [_thread_blocked, id=28472, stack(0x00000023fc900000,0x00000023fca00000)]
  0x000001fd25538120 JavaThread "C1 CompilerThread0" daemon [_thread_blocked, id=26956, stack(0x00000023fca00000,0x00000023fcb00000)]
  0x000001fd25540a70 JavaThread "Sweeper thread" daemon [_thread_blocked, id=27476, stack(0x00000023fcb00000,0x00000023fcc00000)]
  0x000001fd25635f60 JavaThread "Common-Cleaner" daemon [_thread_blocked, id=25204, stack(0x00000023fcc00000,0x00000023fcd00000)]
  0x000001fd256e7620 JavaThread "JDWP Transport Listener: dt_socket" daemon [_thread_blocked, id=23856, stack(0x00000023fd000000,0x00000023fd100000)]
  0x000001fd25709150 JavaThread "JDWP Event Helper Thread" daemon [_thread_blocked, id=21468, stack(0x00000023fd100000,0x00000023fd200000)]
  0x000001fd257774f0 JavaThread "JDWP Command Reader" daemon [_thread_in_native, id=23872, stack(0x00000023fd200000,0x00000023fd300000)]
  0x000001fd256364b0 JavaThread "Notification Thread" daemon [_thread_blocked, id=9152, stack(0x00000023fd300000,0x00000023fd400000)]
  0x000001fd25636a00 JavaThread "cluster-ClusterId{value='620e776a8eeade19114dc2b5', description='null'}-localhost:27017" daemon [_thread_blocked, id=12704, stack(0x00000023fde00000,0x00000023fdf00000)]
  0x000001fd256374a0 JavaThread "CleanCursors-1-thread-1" daemon [_thread_blocked, id=11788, stack(0x00000023fdf00000,0x00000023fe000000)]
  0x000001fd265bfc70 JavaThread "cluster-ClusterId{value='620e776b8eeade19114dc2d6', description='null'}-localhost:27017" daemon [_thread_blocked, id=15620, stack(0x00000023fe100000,0x00000023fe200000)]
  0x000001fd265c0710 JavaThread "CleanCursors-2-thread-1" daemon [_thread_blocked, id=5680, stack(0x00000023fe200000,0x00000023fe300000)]

Other Threads:
=>0x000001fd24b415c0 VMThread "VM Thread" [stack: 0x00000023fc200000,0x00000023fc300000] [id=22472]
  0x000001fd258852a0 WatcherThread [stack: 0x00000023fd400000,0x00000023fd500000] [id=13592]
  0x000001fd7ff4f0a0 GCTaskThread "GC Thread#0" [stack: 0x00000023fbd00000,0x00000023fbe00000] [id=24492]
  0x000001fd26180b40 GCTaskThread "GC Thread#1" [stack: 0x00000023fd600000,0x00000023fd700000] [id=7560]
  0x000001fd26180e50 GCTaskThread "GC Thread#2" [stack: 0x00000023fd700000,0x00000023fd800000] [id=24188]
  0x000001fd26199fb0 GCTaskThread "GC Thread#3" [stack: 0x00000023fd800000,0x00000023fd900000] [id=10224]
  0x000001fd2619a2c0 GCTaskThread "GC Thread#4" [stack: 0x00000023fd900000,0x00000023fda00000] [id=19088]
  0x000001fd2619a5d0 GCTaskThread "GC Thread#5" [stack: 0x00000023fda00000,0x00000023fdb00000] [id=25244]
  0x000001fd2617e130 GCTaskThread "GC Thread#6" [stack: 0x00000023fdb00000,0x00000023fdc00000] [id=3096]
  0x000001fd261968f0 GCTaskThread "GC Thread#7" [stack: 0x00000023fdc00000,0x00000023fdd00000] [id=5064]
  0x000001fd26196c00 GCTaskThread "GC Thread#8" [stack: 0x00000023fdd00000,0x00000023fde00000] [id=2976]
  0x000001fd7ff616f0 ConcurrentGCThread "G1 Main Marker" [stack: 0x00000023fbe00000,0x00000023fbf00000] [id=24848]
  0x000001fd7ff62070 ConcurrentGCThread "G1 Conc#0" [stack: 0x00000023fbf00000,0x00000023fc000000] [id=9860]
  0x000001fd7ffdc6d0 ConcurrentGCThread "G1 Refine#0" [stack: 0x00000023fc000000,0x00000023fc100000] [id=27664]
  0x000001fd7ffdd060 ConcurrentGCThread "G1 Service" [stack: 0x00000023fc100000,0x00000023fc200000] [id=21820]

Threads with active compile tasks:

VM state: at safepoint (normal execution)

VM Mutex/Monitor currently owned by a thread:  ([mutex/lock_event])
[0x000001fd7fef83e0] Threads_lock - owner thread: 0x000001fd24b415c0

Heap address: 0x0000000701200000, size: 4078 MB, Compressed Oops mode: Zero based, Oop shift amount: 3

CDS archive(s) mapped at: [0x0000000800000000-0x0000000800bb0000-0x0000000800bb0000), size 12255232, SharedBaseAddress: 0x0000000800000000, ArchiveRelocationMode: 0.
Compressed class space mapped at: 0x0000000800c00000-0x0000000840c00000, reserved size: 1073741824
Narrow klass base: 0x0000000800000000, Narrow klass shift: 3, Narrow klass range: 0x100000000

GC Precious Log:
 CPUs: 16 total, 16 available
 Memory: 16305M
 Large Page Support: Disabled
 NUMA Support: Disabled
 Compressed Oops: Enabled (Zero based)
 Heap Region Size: 2M
 Heap Min Capacity: 8M
 Heap Initial Capacity: 256M
 Heap Max Capacity: 4078M
 Pre-touch: Disabled
 Parallel Workers: 13
 Concurrent Workers: 3
 Concurrent Refinement Workers: 13
 Periodic GC: Disabled

Heap:
 garbage-first heap   total 262144K, used 27424K [0x0000000701200000, 0x0000000800000000)
  region size 2048K, 15 young (30720K), 2 survivors (4096K)
 Metaspace       used 8742K, committed 8832K, reserved 1064960K
  class space    used 874K, committed 896K, reserved 1048576K

Heap Regions: E=young(eden), S=young(survivor), O=old, HS=humongous(starts), HC=humongous(continues), CS=collection set, F=free, OA=open archive, CA=closed archive, TAMS=top-at-mark-start (previous, next)
|   0|0x0000000701200000, 0x0000000701200000, 0x0000000701400000|  0%| F|  |TAMS 0x0000000701200000, 0x0000000701200000| Untracked 
|   1|0x0000000701400000, 0x0000000701400000, 0x0000000701600000|  0%| F|  |TAMS 0x0000000701400000, 0x0000000701400000| Untracked 
|   2|0x0000000701600000, 0x0000000701600000, 0x0000000701800000|  0%| F|  |TAMS 0x0000000701600000, 0x0000000701600000| Untracked 
|   3|0x0000000701800000, 0x0000000701800000, 0x0000000701a00000|  0%| F|  |TAMS 0x0000000701800000, 0x0000000701800000| Untracked 
|   4|0x0000000701a00000, 0x0000000701a00000, 0x0000000701c00000|  0%| F|  |TAMS 0x0000000701a00000, 0x0000000701a00000| Untracked 
|   5|0x0000000701c00000, 0x0000000701c00000, 0x0000000701e00000|  0%| F|  |TAMS 0x0000000701c00000, 0x0000000701c00000| Untracked 
|   6|0x0000000701e00000, 0x0000000701e00000, 0x0000000702000000|  0%| F|  |TAMS 0x0000000701e00000, 0x0000000701e00000| Untracked 
|   7|0x0000000702000000, 0x0000000702000000, 0x0000000702200000|  0%| F|  |TAMS 0x0000000702000000, 0x0000000702000000| Untracked 
|   8|0x0000000702200000, 0x0000000702200000, 0x0000000702400000|  0%| F|  |TAMS 0x0000000702200000, 0x0000000702200000| Untracked 
|   9|0x0000000702400000, 0x0000000702400000, 0x0000000702600000|  0%| F|  |TAMS 0x0000000702400000, 0x0000000702400000| Untracked 
|  10|0x0000000702600000, 0x0000000702600000, 0x0000000702800000|  0%| F|  |TAMS 0x0000000702600000, 0x0000000702600000| Untracked 
|  11|0x0000000702800000, 0x0000000702800000, 0x0000000702a00000|  0%| F|  |TAMS 0x0000000702800000, 0x0000000702800000| Untracked 
|  12|0x0000000702a00000, 0x0000000702a00000, 0x0000000702c00000|  0%| F|  |TAMS 0x0000000702a00000, 0x0000000702a00000| Untracked 
|  13|0x0000000702c00000, 0x0000000702c00000, 0x0000000702e00000|  0%| F|  |TAMS 0x0000000702c00000, 0x0000000702c00000| Untracked 
|  14|0x0000000702e00000, 0x0000000702e00000, 0x0000000703000000|  0%| F|  |TAMS 0x0000000702e00000, 0x0000000702e00000| Untracked 
|  15|0x0000000703000000, 0x0000000703000000, 0x0000000703200000|  0%| F|  |TAMS 0x0000000703000000, 0x0000000703000000| Untracked 
|  16|0x0000000703200000, 0x0000000703200000, 0x0000000703400000|  0%| F|  |TAMS 0x0000000703200000, 0x0000000703200000| Untracked 
|  17|0x0000000703400000, 0x0000000703400000, 0x0000000703600000|  0%| F|  |TAMS 0x0000000703400000, 0x0000000703400000| Untracked 
|  18|0x0000000703600000, 0x0000000703600000, 0x0000000703800000|  0%| F|  |TAMS 0x0000000703600000, 0x0000000703600000| Untracked 
|  19|0x0000000703800000, 0x0000000703800000, 0x0000000703a00000|  0%| F|  |TAMS 0x0000000703800000, 0x0000000703800000| Untracked 
|  20|0x0000000703a00000, 0x0000000703a00000, 0x0000000703c00000|  0%| F|  |TAMS 0x0000000703a00000, 0x0000000703a00000| Untracked 
|  21|0x0000000703c00000, 0x0000000703c00000, 0x0000000703e00000|  0%| F|  |TAMS 0x0000000703c00000, 0x0000000703c00000| Untracked 
|  22|0x0000000703e00000, 0x0000000703e00000, 0x0000000704000000|  0%| F|  |TAMS 0x0000000703e00000, 0x0000000703e00000| Untracked 
|  23|0x0000000704000000, 0x0000000704000000, 0x0000000704200000|  0%| F|  |TAMS 0x0000000704000000, 0x0000000704000000| Untracked 
|  24|0x0000000704200000, 0x0000000704200000, 0x0000000704400000|  0%| F|  |TAMS 0x0000000704200000, 0x0000000704200000| Untracked 
|  25|0x0000000704400000, 0x0000000704400000, 0x0000000704600000|  0%| F|  |TAMS 0x0000000704400000, 0x0000000704400000| Untracked 
|  26|0x0000000704600000, 0x0000000704600000, 0x0000000704800000|  0%| F|  |TAMS 0x0000000704600000, 0x0000000704600000| Untracked 
|  27|0x0000000704800000, 0x0000000704800000, 0x0000000704a00000|  0%| F|  |TAMS 0x0000000704800000, 0x0000000704800000| Untracked 
|  28|0x0000000704a00000, 0x0000000704a00000, 0x0000000704c00000|  0%| F|  |TAMS 0x0000000704a00000, 0x0000000704a00000| Untracked 
|  29|0x0000000704c00000, 0x0000000704c00000, 0x0000000704e00000|  0%| F|  |TAMS 0x0000000704c00000, 0x0000000704c00000| Untracked 
|  30|0x0000000704e00000, 0x0000000704e00000, 0x0000000705000000|  0%| F|  |TAMS 0x0000000704e00000, 0x0000000704e00000| Untracked 
|  31|0x0000000705000000, 0x0000000705000000, 0x0000000705200000|  0%| F|  |TAMS 0x0000000705000000, 0x0000000705000000| Untracked 
|  32|0x0000000705200000, 0x0000000705200000, 0x0000000705400000|  0%| F|  |TAMS 0x0000000705200000, 0x0000000705200000| Untracked 
|  33|0x0000000705400000, 0x0000000705400000, 0x0000000705600000|  0%| F|  |TAMS 0x0000000705400000, 0x0000000705400000| Untracked 
|  34|0x0000000705600000, 0x0000000705600000, 0x0000000705800000|  0%| F|  |TAMS 0x0000000705600000, 0x0000000705600000| Untracked 
|  35|0x0000000705800000, 0x0000000705800000, 0x0000000705a00000|  0%| F|  |TAMS 0x0000000705800000, 0x0000000705800000| Untracked 
|  36|0x0000000705a00000, 0x0000000705a00000, 0x0000000705c00000|  0%| F|  |TAMS 0x0000000705a00000, 0x0000000705a00000| Untracked 
|  37|0x0000000705c00000, 0x0000000705c00000, 0x0000000705e00000|  0%| F|  |TAMS 0x0000000705c00000, 0x0000000705c00000| Untracked 
|  38|0x0000000705e00000, 0x0000000705e00000, 0x0000000706000000|  0%| F|  |TAMS 0x0000000705e00000, 0x0000000705e00000| Untracked 
|  39|0x0000000706000000, 0x0000000706000000, 0x0000000706200000|  0%| F|  |TAMS 0x0000000706000000, 0x0000000706000000| Untracked 
|  40|0x0000000706200000, 0x0000000706200000, 0x0000000706400000|  0%| F|  |TAMS 0x0000000706200000, 0x0000000706200000| Untracked 
|  41|0x0000000706400000, 0x0000000706400000, 0x0000000706600000|  0%| F|  |TAMS 0x0000000706400000, 0x0000000706400000| Untracked 
|  42|0x0000000706600000, 0x0000000706600000, 0x0000000706800000|  0%| F|  |TAMS 0x0000000706600000, 0x0000000706600000| Untracked 
|  43|0x0000000706800000, 0x0000000706800000, 0x0000000706a00000|  0%| F|  |TAMS 0x0000000706800000, 0x0000000706800000| Untracked 
|  44|0x0000000706a00000, 0x0000000706a00000, 0x0000000706c00000|  0%| F|  |TAMS 0x0000000706a00000, 0x0000000706a00000| Untracked 
|  45|0x0000000706c00000, 0x0000000706c00000, 0x0000000706e00000|  0%| F|  |TAMS 0x0000000706c00000, 0x0000000706c00000| Untracked 
|  46|0x0000000706e00000, 0x0000000706e00000, 0x0000000707000000|  0%| F|  |TAMS 0x0000000706e00000, 0x0000000706e00000| Untracked 
|  47|0x0000000707000000, 0x0000000707000000, 0x0000000707200000|  0%| F|  |TAMS 0x0000000707000000, 0x0000000707000000| Untracked 
|  48|0x0000000707200000, 0x0000000707200000, 0x0000000707400000|  0%| F|  |TAMS 0x0000000707200000, 0x0000000707200000| Untracked 
|  49|0x0000000707400000, 0x0000000707400000, 0x0000000707600000|  0%| F|  |TAMS 0x0000000707400000, 0x0000000707400000| Untracked 
|  50|0x0000000707600000, 0x0000000707600000, 0x0000000707800000|  0%| F|  |TAMS 0x0000000707600000, 0x0000000707600000| Untracked 
|  51|0x0000000707800000, 0x0000000707800000, 0x0000000707a00000|  0%| F|  |TAMS 0x0000000707800000, 0x0000000707800000| Untracked 
|  52|0x0000000707a00000, 0x0000000707a00000, 0x0000000707c00000|  0%| F|  |TAMS 0x0000000707a00000, 0x0000000707a00000| Untracked 
|  53|0x0000000707c00000, 0x0000000707c00000, 0x0000000707e00000|  0%| F|  |TAMS 0x0000000707c00000, 0x0000000707c00000| Untracked 
|  54|0x0000000707e00000, 0x0000000707e00000, 0x0000000708000000|  0%| F|  |TAMS 0x0000000707e00000, 0x0000000707e00000| Untracked 
|  55|0x0000000708000000, 0x0000000708000000, 0x0000000708200000|  0%| F|  |TAMS 0x0000000708000000, 0x0000000708000000| Untracked 
|  56|0x0000000708200000, 0x0000000708200000, 0x0000000708400000|  0%| F|  |TAMS 0x0000000708200000, 0x0000000708200000| Untracked 
|  57|0x0000000708400000, 0x0000000708400000, 0x0000000708600000|  0%| F|  |TAMS 0x0000000708400000, 0x0000000708400000| Untracked 
|  58|0x0000000708600000, 0x0000000708600000, 0x0000000708800000|  0%| F|  |TAMS 0x0000000708600000, 0x0000000708600000| Untracked 
|  59|0x0000000708800000, 0x0000000708800000, 0x0000000708a00000|  0%| F|  |TAMS 0x0000000708800000, 0x0000000708800000| Untracked 
|  60|0x0000000708a00000, 0x0000000708a00000, 0x0000000708c00000|  0%| F|  |TAMS 0x0000000708a00000, 0x0000000708a00000| Untracked 
|  61|0x0000000708c00000, 0x0000000708c00000, 0x0000000708e00000|  0%| F|  |TAMS 0x0000000708c00000, 0x0000000708c00000| Untracked 
|  62|0x0000000708e00000, 0x0000000708e00000, 0x0000000709000000|  0%| F|  |TAMS 0x0000000708e00000, 0x0000000708e00000| Untracked 
|  63|0x0000000709000000, 0x0000000709000000, 0x0000000709200000|  0%| F|  |TAMS 0x0000000709000000, 0x0000000709000000| Untracked 
|  64|0x0000000709200000, 0x0000000709200000, 0x0000000709400000|  0%| F|  |TAMS 0x0000000709200000, 0x0000000709200000| Untracked 
|  65|0x0000000709400000, 0x0000000709400000, 0x0000000709600000|  0%| F|  |TAMS 0x0000000709400000, 0x0000000709400000| Untracked 
|  66|0x0000000709600000, 0x0000000709600000, 0x0000000709800000|  0%| F|  |TAMS 0x0000000709600000, 0x0000000709600000| Untracked 
|  67|0x0000000709800000, 0x0000000709800000, 0x0000000709a00000|  0%| F|  |TAMS 0x0000000709800000, 0x0000000709800000| Untracked 
|  68|0x0000000709a00000, 0x0000000709a00000, 0x0000000709c00000|  0%| F|  |TAMS 0x0000000709a00000, 0x0000000709a00000| Untracked 
|  69|0x0000000709c00000, 0x0000000709c00000, 0x0000000709e00000|  0%| F|  |TAMS 0x0000000709c00000, 0x0000000709c00000| Untracked 
|  70|0x0000000709e00000, 0x0000000709e00000, 0x000000070a000000|  0%| F|  |TAMS 0x0000000709e00000, 0x0000000709e00000| Untracked 
|  71|0x000000070a000000, 0x000000070a000000, 0x000000070a200000|  0%| F|  |TAMS 0x000000070a000000, 0x000000070a000000| Untracked 
|  72|0x000000070a200000, 0x000000070a200000, 0x000000070a400000|  0%| F|  |TAMS 0x000000070a200000, 0x000000070a200000| Untracked 
|  73|0x000000070a400000, 0x000000070a400000, 0x000000070a600000|  0%| F|  |TAMS 0x000000070a400000, 0x000000070a400000| Untracked 
|  74|0x000000070a600000, 0x000000070a600000, 0x000000070a800000|  0%| F|  |TAMS 0x000000070a600000, 0x000000070a600000| Untracked 
|  75|0x000000070a800000, 0x000000070a800000, 0x000000070aa00000|  0%| F|  |TAMS 0x000000070a800000, 0x000000070a800000| Untracked 
|  76|0x000000070aa00000, 0x000000070aa00000, 0x000000070ac00000|  0%| F|  |TAMS 0x000000070aa00000, 0x000000070aa00000| Untracked 
|  77|0x000000070ac00000, 0x000000070ac00000, 0x000000070ae00000|  0%| F|  |TAMS 0x000000070ac00000, 0x000000070ac00000| Untracked 
|  78|0x000000070ae00000, 0x000000070ae00000, 0x000000070b000000|  0%| F|  |TAMS 0x000000070ae00000, 0x000000070ae00000| Untracked 
|  79|0x000000070b000000, 0x000000070b000000, 0x000000070b200000|  0%| F|  |TAMS 0x000000070b000000, 0x000000070b000000| Untracked 
|  80|0x000000070b200000, 0x000000070b200000, 0x000000070b400000|  0%| F|  |TAMS 0x000000070b200000, 0x000000070b200000| Untracked 
|  81|0x000000070b400000, 0x000000070b400000, 0x000000070b600000|  0%| F|  |TAMS 0x000000070b400000, 0x000000070b400000| Untracked 
|  82|0x000000070b600000, 0x000000070b600000, 0x000000070b800000|  0%| F|  |TAMS 0x000000070b600000, 0x000000070b600000| Untracked 
|  83|0x000000070b800000, 0x000000070b800000, 0x000000070ba00000|  0%| F|  |TAMS 0x000000070b800000, 0x000000070b800000| Untracked 
|  84|0x000000070ba00000, 0x000000070ba00000, 0x000000070bc00000|  0%| F|  |TAMS 0x000000070ba00000, 0x000000070ba00000| Untracked 
|  85|0x000000070bc00000, 0x000000070bc00000, 0x000000070be00000|  0%| F|  |TAMS 0x000000070bc00000, 0x000000070bc00000| Untracked 
|  86|0x000000070be00000, 0x000000070be00000, 0x000000070c000000|  0%| F|  |TAMS 0x000000070be00000, 0x000000070be00000| Untracked 
|  87|0x000000070c000000, 0x000000070c000000, 0x000000070c200000|  0%| F|  |TAMS 0x000000070c000000, 0x000000070c000000| Untracked 
|  88|0x000000070c200000, 0x000000070c200000, 0x000000070c400000|  0%| F|  |TAMS 0x000000070c200000, 0x000000070c200000| Untracked 
|  89|0x000000070c400000, 0x000000070c400000, 0x000000070c600000|  0%| F|  |TAMS 0x000000070c400000, 0x000000070c400000| Untracked 
|  90|0x000000070c600000, 0x000000070c600000, 0x000000070c800000|  0%| F|  |TAMS 0x000000070c600000, 0x000000070c600000| Untracked 
|  91|0x000000070c800000, 0x000000070c800000, 0x000000070ca00000|  0%| F|  |TAMS 0x000000070c800000, 0x000000070c800000| Untracked 
|  92|0x000000070ca00000, 0x000000070ca00000, 0x000000070cc00000|  0%| F|  |TAMS 0x000000070ca00000, 0x000000070ca00000| Untracked 
|  93|0x000000070cc00000, 0x000000070cc00000, 0x000000070ce00000|  0%| F|  |TAMS 0x000000070cc00000, 0x000000070cc00000| Untracked 
|  94|0x000000070ce00000, 0x000000070ce00000, 0x000000070d000000|  0%| F|  |TAMS 0x000000070ce00000, 0x000000070ce00000| Untracked 
|  95|0x000000070d000000, 0x000000070d000000, 0x000000070d200000|  0%| F|  |TAMS 0x000000070d000000, 0x000000070d000000| Untracked 
|  96|0x000000070d200000, 0x000000070d200000, 0x000000070d400000|  0%| F|  |TAMS 0x000000070d200000, 0x000000070d200000| Untracked 
|  97|0x000000070d400000, 0x000000070d400000, 0x000000070d600000|  0%| F|  |TAMS 0x000000070d400000, 0x000000070d400000| Untracked 
|  98|0x000000070d600000, 0x000000070d600000, 0x000000070d800000|  0%| F|  |TAMS 0x000000070d600000, 0x000000070d600000| Untracked 
|  99|0x000000070d800000, 0x000000070d800000, 0x000000070da00000|  0%| F|  |TAMS 0x000000070d800000, 0x000000070d800000| Untracked 
| 100|0x000000070da00000, 0x000000070da00000, 0x000000070dc00000|  0%| F|  |TAMS 0x000000070da00000, 0x000000070da00000| Untracked 
| 101|0x000000070dc00000, 0x000000070dc00000, 0x000000070de00000|  0%| F|  |TAMS 0x000000070dc00000, 0x000000070dc00000| Untracked 
| 102|0x000000070de00000, 0x000000070de00000, 0x000000070e000000|  0%| F|  |TAMS 0x000000070de00000, 0x000000070de00000| Untracked 
| 103|0x000000070e000000, 0x000000070e000000, 0x000000070e200000|  0%| F|  |TAMS 0x000000070e000000, 0x000000070e000000| Untracked 
| 104|0x000000070e200000, 0x000000070e200000, 0x000000070e400000|  0%| F|  |TAMS 0x000000070e200000, 0x000000070e200000| Untracked 
| 105|0x000000070e400000, 0x000000070e400000, 0x000000070e600000|  0%| F|  |TAMS 0x000000070e400000, 0x000000070e400000| Untracked 
| 106|0x000000070e600000, 0x000000070e600000, 0x000000070e800000|  0%| F|  |TAMS 0x000000070e600000, 0x000000070e600000| Untracked 
| 107|0x000000070e800000, 0x000000070e800000, 0x000000070ea00000|  0%| F|  |TAMS 0x000000070e800000, 0x000000070e800000| Untracked 
| 108|0x000000070ea00000, 0x000000070ea00000, 0x000000070ec00000|  0%| F|  |TAMS 0x000000070ea00000, 0x000000070ea00000| Untracked 
| 109|0x000000070ec00000, 0x000000070ec00000, 0x000000070ee00000|  0%| F|  |TAMS 0x000000070ec00000, 0x000000070ec00000| Untracked 
| 110|0x000000070ee00000, 0x000000070ee00000, 0x000000070f000000|  0%| F|  |TAMS 0x000000070ee00000, 0x000000070ee00000| Untracked 
| 111|0x000000070f000000, 0x000000070f000000, 0x000000070f200000|  0%| F|  |TAMS 0x000000070f000000, 0x000000070f000000| Untracked 
| 112|0x000000070f200000, 0x000000070f200000, 0x000000070f400000|  0%| F|  |TAMS 0x000000070f200000, 0x000000070f200000| Untracked 
| 113|0x000000070f400000, 0x000000070f55cb68, 0x000000070f600000| 68%| E|  |TAMS 0x000000070f400000, 0x000000070f400000| Complete 
| 114|0x000000070f600000, 0x000000070f800000, 0x000000070f800000|100%| E|CS|TAMS 0x000000070f600000, 0x000000070f600000| Complete 
| 115|0x000000070f800000, 0x000000070f8c80a0, 0x000000070fa00000| 39%| S|CS|TAMS 0x000000070f800000, 0x000000070f800000| Complete 
| 116|0x000000070fa00000, 0x000000070fc00000, 0x000000070fc00000|100%| S|CS|TAMS 0x000000070fa00000, 0x000000070fa00000| Complete 
| 117|0x000000070fc00000, 0x000000070fe00000, 0x000000070fe00000|100%| E|CS|TAMS 0x000000070fc00000, 0x000000070fc00000| Complete 
| 118|0x000000070fe00000, 0x0000000710000000, 0x0000000710000000|100%| E|CS|TAMS 0x000000070fe00000, 0x000000070fe00000| Complete 
| 119|0x0000000710000000, 0x0000000710200000, 0x0000000710200000|100%| E|CS|TAMS 0x0000000710000000, 0x0000000710000000| Complete 
| 120|0x0000000710200000, 0x0000000710400000, 0x0000000710400000|100%| E|CS|TAMS 0x0000000710200000, 0x0000000710200000| Complete 
| 121|0x0000000710400000, 0x0000000710600000, 0x0000000710600000|100%| E|CS|TAMS 0x0000000710400000, 0x0000000710400000| Complete 
| 122|0x0000000710600000, 0x0000000710800000, 0x0000000710800000|100%| E|CS|TAMS 0x0000000710600000, 0x0000000710600000| Complete 
| 123|0x0000000710800000, 0x0000000710a00000, 0x0000000710a00000|100%| E|CS|TAMS 0x0000000710800000, 0x0000000710800000| Complete 
| 124|0x0000000710a00000, 0x0000000710c00000, 0x0000000710c00000|100%| E|CS|TAMS 0x0000000710a00000, 0x0000000710a00000| Complete 
| 125|0x0000000710c00000, 0x0000000710e00000, 0x0000000710e00000|100%| E|CS|TAMS 0x0000000710c00000, 0x0000000710c00000| Complete 
| 126|0x0000000710e00000, 0x0000000711000000, 0x0000000711000000|100%| E|CS|TAMS 0x0000000710e00000, 0x0000000710e00000| Complete 
| 127|0x0000000711000000, 0x0000000711200000, 0x0000000711200000|100%| E|CS|TAMS 0x0000000711000000, 0x0000000711000000| Complete 

Card table byte_map: [0x000001fd18b30000,0x000001fd19330000] _byte_map_base: 0x000001fd15327000

Marking Bits (Prev, Next): (CMBitMap*) 0x000001fd7ff4f6a0, (CMBitMap*) 0x000001fd7ff4f6e0
 Prev Bits: [0x000001fd19b30000, 0x000001fd1dae8000)
 Next Bits: [0x000001fd1daf0000, 0x000001fd21aa8000)

Polling page: 0x000001fd7f0e0000

Metaspace:

Usage:
  Non-class:      7.68 MB used.
      Class:    874.41 KB used.
       Both:      8.54 MB used.

Virtual space:
  Non-class space:       16.00 MB reserved,       7.75 MB ( 48%) committed,  2 nodes.
      Class space:        1.00 GB reserved,     896.00 KB ( <1%) committed,  1 nodes.
              Both:        1.02 GB reserved,       8.62 MB ( <1%) committed. 

Chunk freelists:
   Non-Class:  3.58 MB
       Class:  3.00 MB
        Both:  6.58 MB

MaxMetaspaceSize: 17179869184.00 GB
CompressedClassSpaceSize: 1.00 GB
 - commit_granule_bytes: 65536.
 - commit_granule_words: 8192.
 - virtual_space_node_default_size: 1048576.
 - enlarge_chunks_in_place: 1.
 - new_chunks_are_fully_committed: 0.
 - uncommit_free_chunks: 1.
 - use_allocation_guard: 0.
 - handle_deallocations: 1.


Internal statistics:

num_allocs_failed_limit: 0.
num_arena_births: 48.
num_arena_deaths: 0.
num_vsnodes_births: 3.
num_vsnodes_deaths: 0.
num_space_committed: 138.
num_space_uncommitted: 0.
num_chunks_returned_to_freelist: 0.
num_chunks_taken_from_freelist: 205.
num_chunk_merges: 0.
num_chunk_splits: 140.
num_chunks_enlarged: 108.
num_purges: 0.

CodeHeap 'non-profiled nmethods': size=119168Kb used=680Kb max_used=680Kb free=118487Kb
 bounds [0x000001fd10650000, 0x000001fd108c0000, 0x000001fd17ab0000]
CodeHeap 'profiled nmethods': size=119104Kb used=3432Kb max_used=3432Kb free=115671Kb
 bounds [0x000001fd09200000, 0x000001fd09560000, 0x000001fd10650000]
CodeHeap 'non-nmethods': size=7488Kb used=1282Kb max_used=2452Kb free=6205Kb
 bounds [0x000001fd08ab0000, 0x000001fd08d20000, 0x000001fd09200000]
 total_blobs=2283 nmethods=1770 adapters=426
 compilation: enabled
              stopped_count=0, restarted_count=0
 full_count=0

Compilation events (20 events):
Event: 320.624 Thread 0x000001fd25e803b0 nmethod 1759 0x000001fd106f6090 code [0x000001fd106f6220, 0x000001fd106f62f8]
Event: 320.624 Thread 0x000001fd25538120 nmethod 1760 0x000001fd106f6390 code [0x000001fd106f6520, 0x000001fd106f65f8]
Event: 320.624 Thread 0x000001fd25e803b0 1761       1       com.mongodb.connection.ServerDescription::getElectionId (5 bytes)
Event: 320.624 Thread 0x000001fd25538120 1762       1       com.mongodb.connection.ServerDescription::getSetVersion (5 bytes)
Event: 320.624 Thread 0x000001fd25e803b0 nmethod 1761 0x000001fd106f6690 code [0x000001fd106f6820, 0x000001fd106f68f8]
Event: 320.624 Thread 0x000001fd25538120 nmethod 1762 0x000001fd106f6990 code [0x000001fd106f6b20, 0x000001fd106f6bf8]
Event: 330.597 Thread 0x000001fd24b648a0 1763   !   4       java.lang.StringCoding::decode (362 bytes)
Event: 330.610 Thread 0x000001fd24b648a0 nmethod 1763 0x000001fd106f6c90 code [0x000001fd106f6fe0, 0x000001fd106f85c0]
Event: 330.627 Thread 0x000001fd25538120 1764   !   3       sun.nio.ch.NioSocketImpl::tryRead (87 bytes)
Event: 330.628 Thread 0x000001fd24b648a0 1767       4       org.bson.ByteBufNIO::position (8 bytes)
Event: 330.628 Thread 0x000001fd25538120 nmethod 1764 0x000001fd09557890 code [0x000001fd09557aa0, 0x000001fd09558078]
Event: 330.628 Thread 0x000001fd25538120 1765       3       sun.nio.ch.SocketDispatcher::read (8 bytes)
Event: 330.628 Thread 0x000001fd25538120 nmethod 1765 0x000001fd09558390 code [0x000001fd09558540, 0x000001fd09558688]
Event: 330.628 Thread 0x000001fd24b648a0 nmethod 1767 0x000001fd106f9b90 code [0x000001fd106f9d20, 0x000001fd106f9dd8]
Event: 340.598 Thread 0x000001fd25538120 1768       3       com.mongodb.diagnostics.logging.JULLogger::isEnabled (9 bytes)
Event: 340.598 Thread 0x000001fd25538120 nmethod 1768 0x000001fd09558790 code [0x000001fd09558940, 0x000001fd09558bf8]
Event: 340.629 Thread 0x000001fd25538120 1769       3       org.bson.BsonValue::throwIfInvalidType (37 bytes)
Event: 340.630 Thread 0x000001fd25538120 nmethod 1769 0x000001fd09558d10 code [0x000001fd09558fc0, 0x000001fd09559ee8]
Event: 348.444 Thread 0x000001fd24b648a0 1770       4       jdk.internal.misc.Unsafe::weakCompareAndSetInt (11 bytes)
Event: 348.444 Thread 0x000001fd24b648a0 nmethod 1770 0x000001fd106f9e90 code [0x000001fd106fa000, 0x000001fd106fa098]

GC Heap History (2 events):
Event: 0.333 GC heap before
{Heap before GC invocations=0 (full 0):
 garbage-first heap   total 262144K, used 22528K [0x0000000701200000, 0x0000000800000000)
  region size 2048K, 11 young (22528K), 0 survivors (0K)
 Metaspace       used 5513K, committed 5696K, reserved 1056768K
  class space    used 530K, committed 640K, reserved 1048576K
}
Event: 0.334 GC heap after
{Heap after GC invocations=1 (full 0):
 garbage-first heap   total 262144K, used 2848K [0x0000000701200000, 0x0000000800000000)
  region size 2048K, 2 young (4096K), 2 survivors (4096K)
 Metaspace       used 5513K, committed 5696K, reserved 1056768K
  class space    used 530K, committed 640K, reserved 1048576K
}

Deoptimization events (20 events):
Event: 0.387 Thread 0x000001fd25636a00 DEOPT PACKING pc=0x000001fd10664d60 sp=0x00000023fdeff240
Event: 0.387 Thread 0x000001fd25636a00 DEOPT UNPACKING pc=0x000001fd08afd72e sp=0x00000023fdeff1c8 mode 2
Event: 0.388 Thread 0x000001fd25636a00 Uncommon trap: trap_request=0xffffff45 fr.pc=0x000001fd106b2dcc relative=0x0000000000000f0c
Event: 0.388 Thread 0x000001fd25636a00 Uncommon trap: reason=unstable_if action=reinterpret pc=0x000001fd106b2dcc method=java.util.concurrent.ConcurrentHashMap.putVal(Ljava/lang/Object;Ljava/lang/Object;Z)Ljava/lang/Object; @ 148 c2
Event: 0.388 Thread 0x000001fd25636a00 DEOPT PACKING pc=0x000001fd106b2dcc sp=0x00000023fdeff0b0
Event: 0.388 Thread 0x000001fd25636a00 DEOPT UNPACKING pc=0x000001fd08afd72e sp=0x00000023fdeff050 mode 2
Event: 0.409 Thread 0x000001fd25636a00 DEOPT PACKING pc=0x000001fd09268388 sp=0x00000023fdefe920
Event: 0.409 Thread 0x000001fd25636a00 DEOPT UNPACKING pc=0x000001fd08afdece sp=0x00000023fdefdd80 mode 0
Event: 0.441 Thread 0x000001fd7fefbe50 Uncommon trap: trap_request=0xffffffde fr.pc=0x000001fd106a01c8 relative=0x0000000000001608
Event: 0.441 Thread 0x000001fd7fefbe50 Uncommon trap: reason=class_check action=maybe_recompile pc=0x000001fd106a01c8 method=java.util.HashMap.putVal(ILjava/lang/Object;Ljava/lang/Object;ZZ)Ljava/lang/Object; @ 253 c2
Event: 0.441 Thread 0x000001fd7fefbe50 DEOPT PACKING pc=0x000001fd106a01c8 sp=0x00000023fbcfe880
Event: 0.441 Thread 0x000001fd7fefbe50 DEOPT UNPACKING pc=0x000001fd08afd72e sp=0x00000023fbcfe840 mode 2
Event: 0.441 Thread 0x000001fd7fefbe50 Uncommon trap: trap_request=0xffffff45 fr.pc=0x000001fd10681744 relative=0x0000000000000704
Event: 0.441 Thread 0x000001fd7fefbe50 Uncommon trap: reason=unstable_if action=reinterpret pc=0x000001fd10681744 method=java.lang.AbstractStringBuilder.append(Ljava/lang/String;)Ljava/lang/AbstractStringBuilder; @ 1 c2
Event: 0.441 Thread 0x000001fd7fefbe50 DEOPT PACKING pc=0x000001fd10681744 sp=0x00000023fbcfe8f0
Event: 0.441 Thread 0x000001fd7fefbe50 DEOPT UNPACKING pc=0x000001fd08afd72e sp=0x00000023fbcfe8f8 mode 2
Event: 0.445 Thread 0x000001fd7fefbe50 DEOPT PACKING pc=0x000001fd092f5aab sp=0x00000023fbcf92e0
Event: 0.445 Thread 0x000001fd7fefbe50 DEOPT UNPACKING pc=0x000001fd08afdece sp=0x00000023fbcf87d0 mode 0
Event: 260.548 Thread 0x000001fd25636a00 DEOPT PACKING pc=0x000001fd094af1cb sp=0x00000023fdefef40
Event: 260.548 Thread 0x000001fd25636a00 DEOPT UNPACKING pc=0x000001fd08afdece sp=0x00000023fdefe3e0 mode 0

Classes unloaded (0 events):
No events

Classes redefined (3 events):
Event: 229.452 Thread 0x000001fd24b415c0 redefined class name=com.antogo.Generador.Generador, count=1
Event: 351.033 Thread 0x000001fd24b415c0 redefined class name=com.antogo.Generador.Generador, count=2
Event: 355.242 Thread 0x000001fd24b415c0 redefined class name=com.antogo.Generador.Generador, count=3

Internal exceptions (14 events):
Event: 0.159 Thread 0x000001fd7fefbe50 Exception <a 'java/lang/NoSuchMethodError'{0x0000000710cee400}: 'java.lang.Object java.lang.invoke.DirectMethodHandle$Holder.invokeStatic(java.lang.Object)'> (0x0000000710cee400) 
thrown [t:\workspace\open\src\hotspot\share\interpreter\linkResolver.cpp, line 790]
Event: 0.185 Thread 0x000001fd7fefbe50 Exception <a 'java/lang/NoSuchMethodError'{0x0000000710aa4690}: 'void java.lang.invoke.DirectMethodHandle$Holder.invokeSpecial(java.lang.Object, java.lang.Object, java.lang.Object)'> (0x0000000710aa4690) 
thrown [t:\workspace\open\src\hotspot\share\interpreter\linkResolver.cpp, line 790]
Event: 0.251 Thread 0x000001fd7fefbe50 Exception <a 'sun/nio/fs/WindowsException'{0x00000007102c1888}> (0x00000007102c1888) 
thrown [t:\workspace\open\src\hotspot\share\prims\jni.cpp, line 579]
Event: 0.259 Thread 0x000001fd7fefbe50 Exception <a 'java/lang/NoSuchMethodError'{0x000000071033cab8}: 'int java.lang.invoke.DirectMethodHandle$Holder.invokeStaticInit(java.lang.Object, java.lang.Object, java.lang.Object, java.lang.Object)'> (0x000000071033cab8) 
thrown [t:\workspace\open\src\hotspot\share\interpreter\linkResolver.cpp, line 790]
Event: 0.260 Thread 0x000001fd7fefbe50 Exception <a 'java/lang/NoSuchMethodError'{0x0000000710347038}: 'java.lang.Object java.lang.invoke.DirectMethodHandle$Holder.invokeInterface(java.lang.Object, java.lang.Object)'> (0x0000000710347038) 
thrown [t:\workspace\open\src\hotspot\share\interpreter\linkResolver.cpp, line 790]
Event: 0.260 Thread 0x000001fd7fefbe50 Exception <a 'java/lang/IncompatibleClassChangeError'{0x000000071034aa30}: Found class java.lang.Object, but interface was expected> (0x000000071034aa30) 
thrown [t:\workspace\open\src\hotspot\share\interpreter\linkResolver.cpp, line 857]
Event: 0.261 Thread 0x000001fd7fefbe50 Exception <a 'java/lang/NoSuchMethodError'{0x000000071034db38}: 'void java.lang.invoke.DirectMethodHandle$Holder.invokeStatic(java.lang.Object, java.lang.Object)'> (0x000000071034db38) 
thrown [t:\workspace\open\src\hotspot\share\interpreter\linkResolver.cpp, line 790]
Event: 0.261 Thread 0x000001fd7fefbe50 Exception <a 'java/lang/NoSuchMethodError'{0x0000000710351658}: 'void java.lang.invoke.DirectMethodHandle$Holder.invokeStaticInit(java.lang.Object, java.lang.Object)'> (0x0000000710351658) 
thrown [t:\workspace\open\src\hotspot\share\interpreter\linkResolver.cpp, line 790]
Event: 0.261 Thread 0x000001fd7fefbe50 Exception <a 'java/lang/NoSuchMethodError'{0x00000007103595d8}: 'int java.lang.invoke.DirectMethodHandle$Holder.invokeStaticInit(java.lang.Object, java.lang.Object)'> (0x00000007103595d8) 
thrown [t:\workspace\open\src\hotspot\share\interpreter\linkResolver.cpp, line 790]
Event: 0.307 Thread 0x000001fd7fefbe50 Exception <a 'java/lang/NoSuchMethodError'{0x000000070fda8c18}: 'java.lang.Object java.lang.invoke.DirectMethodHandle$Holder.invokeStaticInit(java.lang.Object, int, int, int, int)'> (0x000000070fda8c18) 
thrown [t:\workspace\open\src\hotspot\share\interpreter\linkResolver.cpp, line 790]
Event: 0.336 Thread 0x000001fd7fefbe50 Exception <a 'java/lang/NoSuchMethodError'{0x000000071101b910}: 'java.lang.Object java.lang.invoke.DirectMethodHandle$Holder.invokeStaticInit(java.lang.Object, java.lang.Object, int, int, int, int)'> (0x000000071101b910) 
thrown [t:\workspace\open\src\hotspot\share\interpreter\linkResolver.cpp, line 790]
Event: 0.382 Thread 0x000001fd7fefbe50 Implicit null exception at 0x000001fd10681e77 to 0x000001fd10682570
Event: 0.390 Thread 0x000001fd25636a00 Exception <a 'java/lang/NoSuchMethodError'{0x000000071072ddd0}: 'java.lang.Object java.lang.invoke.DirectMethodHandle$Holder.invokeStaticInit(java.lang.Object)'> (0x000000071072ddd0) 
thrown [t:\workspace\open\src\hotspot\share\interpreter\linkResolver.cpp, line 790]
Event: 0.441 Thread 0x000001fd7fefbe50 Implicit null exception at 0x000001fd10681077 to 0x000001fd1068172c

Events (20 events):
Event: 280.693 Executing  VM operation: Cleanup done
Event: 290.785 Executing  VM operation: Cleanup
Event: 290.785 Executing  VM operation: Cleanup done
Event: 300.835 Executing  VM operation: Cleanup
Event: 300.835 Executing  VM operation: Cleanup done
Event: 320.624 Thread 0x000001fd25e803b0 Thread added: 0x000001fd25e803b0
Event: 325.625 Thread 0x000001fd25e803b0 Thread exited: 0x000001fd25e803b0
Event: 341.105 Executing  VM operation: Cleanup
Event: 341.105 Executing  VM operation: Cleanup done
Event: 351.031 Executing  VM operation: RedefineClasses
Event: 351.036 Executing  VM operation: RedefineClasses done
Event: 351.039 Executing  VM operation: ChangeBreakpoints
Event: 351.040 Executing  VM operation: ChangeBreakpoints done
Event: 351.059 Executing  VM operation: get/set locals
Event: 351.059 Executing  VM operation: get/set locals done
Event: 355.239 Executing  VM operation: RedefineClasses
Event: 355.245 Executing  VM operation: RedefineClasses done
Event: 355.249 Executing  VM operation: ChangeBreakpoints
Event: 355.250 Executing  VM operation: ChangeBreakpoints done
Event: 355.272 Executing  VM operation: get/set locals


Dynamic libraries:
0x00007ff7f1670000 - 0x00007ff7f1680000 	C:\Program Files\Java\jdk-16.0.2\bin\javaw.exe
0x00007ffafc640000 - 0x00007ffafc849000 	C:\WINDOWS\SYSTEM32\ntdll.dll
0x00007ffafb090000 - 0x00007ffafb14d000 	C:\WINDOWS\System32\KERNEL32.DLL
0x00007ffaf9ea0000 - 0x00007ffafa214000 	C:\WINDOWS\System32\KERNELBASE.dll
0x00007ffafa390000 - 0x00007ffafa4a1000 	C:\WINDOWS\System32\ucrtbase.dll
0x00007ffae0210000 - 0x00007ffae0229000 	C:\Program Files\Java\jdk-16.0.2\bin\VCRUNTIME140.dll
0x00007ffadfdc0000 - 0x00007ffadfdd8000 	C:\Program Files\Java\jdk-16.0.2\bin\jli.dll
0x00007ffafb2b0000 - 0x00007ffafb35e000 	C:\WINDOWS\System32\ADVAPI32.dll
0x00007ffafb460000 - 0x00007ffafb503000 	C:\WINDOWS\System32\msvcrt.dll
0x00007ffafb3c0000 - 0x00007ffafb45e000 	C:\WINDOWS\System32\sechost.dll
0x00007ffafad60000 - 0x00007ffafae80000 	C:\WINDOWS\System32\RPCRT4.dll
0x00007ffafaee0000 - 0x00007ffafb08c000 	C:\WINDOWS\System32\USER32.dll
0x00007ffae2f70000 - 0x00007ffae3215000 	C:\WINDOWS\WinSxS\amd64_microsoft.windows.common-controls_6595b64144ccf1df_6.0.22000.120_none_9d947278b86cc467\COMCTL32.dll
0x00007ffafa4b0000 - 0x00007ffafa4d6000 	C:\WINDOWS\System32\win32u.dll
0x00007ffafae80000 - 0x00007ffafaea9000 	C:\WINDOWS\System32\GDI32.dll
0x00007ffaf9ce0000 - 0x00007ffaf9df2000 	C:\WINDOWS\System32\gdi32full.dll
0x00007ffaf9e00000 - 0x00007ffaf9e9d000 	C:\WINDOWS\System32\msvcp_win.dll
0x00007ffaf7a40000 - 0x00007ffaf7a4a000 	C:\WINDOWS\SYSTEM32\VERSION.dll
0x00007ffafc300000 - 0x00007ffafc331000 	C:\WINDOWS\System32\IMM32.DLL
0x00007ffae8be0000 - 0x00007ffae8bec000 	C:\Program Files\Java\jdk-16.0.2\bin\vcruntime140_1.dll
0x00007ffad9700000 - 0x00007ffad9791000 	C:\Program Files\Java\jdk-16.0.2\bin\msvcp140.dll
0x00007ffa0d380000 - 0x00007ffa0df2b000 	C:\Program Files\Java\jdk-16.0.2\bin\server\jvm.dll
0x00007ffafaeb0000 - 0x00007ffafaeb8000 	C:\WINDOWS\System32\PSAPI.DLL
0x00007ffaf3a90000 - 0x00007ffaf3ac3000 	C:\WINDOWS\SYSTEM32\WINMM.dll
0x00007ffaeb180000 - 0x00007ffaeb189000 	C:\WINDOWS\SYSTEM32\WSOCK32.dll
0x00007ffafa730000 - 0x00007ffafa79f000 	C:\WINDOWS\System32\WS2_32.dll
0x00007ffaf8d20000 - 0x00007ffaf8d38000 	C:\WINDOWS\SYSTEM32\kernel.appcore.dll
0x00007ffaeb250000 - 0x00007ffaeb25a000 	C:\Program Files\Java\jdk-16.0.2\bin\jimage.dll
0x00007ffae9920000 - 0x00007ffae9b41000 	C:\WINDOWS\SYSTEM32\DBGHELP.DLL
0x00007ffae5640000 - 0x00007ffae5671000 	C:\WINDOWS\SYSTEM32\dbgcore.DLL
0x00007ffaf9c60000 - 0x00007ffaf9cdf000 	C:\WINDOWS\System32\bcryptPrimitives.dll
0x00007ffad8070000 - 0x00007ffad80ab000 	C:\Program Files\Java\jdk-16.0.2\bin\jdwp.dll
0x00007ffae89c0000 - 0x00007ffae89ce000 	C:\Program Files\Java\jdk-16.0.2\bin\instrument.dll
0x00007ffae8e20000 - 0x00007ffae8e45000 	C:\Program Files\Java\jdk-16.0.2\bin\java.dll
0x00007ffafbab0000 - 0x00007ffafc25e000 	C:\WINDOWS\System32\SHELL32.dll
0x00007ffaf7cb0000 - 0x00007ffaf8517000 	C:\WINDOWS\SYSTEM32\windows.storage.dll
0x00007ffafa900000 - 0x00007ffafac78000 	C:\WINDOWS\System32\combase.dll
0x00007ffaf7b40000 - 0x00007ffaf7ca6000 	C:\WINDOWS\SYSTEM32\wintypes.dll
0x00007ffafb160000 - 0x00007ffafb24a000 	C:\WINDOWS\System32\SHCORE.dll
0x00007ffafb360000 - 0x00007ffafb3bd000 	C:\WINDOWS\System32\shlwapi.dll
0x00007ffaf9a60000 - 0x00007ffaf9a81000 	C:\WINDOWS\SYSTEM32\profapi.dll
0x00007ffae8110000 - 0x00007ffae811c000 	C:\Program Files\Java\jdk-16.0.2\bin\dt_socket.dll
0x00007ffaf8850000 - 0x00007ffaf887d000 	C:\WINDOWS\SYSTEM32\IPHLPAPI.DLL
0x00007ffaf9150000 - 0x00007ffaf91b7000 	C:\WINDOWS\system32\mswsock.dll
0x00007ffaf8880000 - 0x00007ffaf8967000 	C:\WINDOWS\SYSTEM32\DNSAPI.dll
0x00007ffafb150000 - 0x00007ffafb159000 	C:\WINDOWS\System32\NSI.dll
0x00007ffae8ca0000 - 0x00007ffae8caa000 	C:\Windows\System32\rasadhlp.dll
0x00007ffaf4140000 - 0x00007ffaf41c1000 	C:\WINDOWS\System32\fwpuclnt.dll
0x00007ffae8150000 - 0x00007ffae8168000 	C:\Program Files\Java\jdk-16.0.2\bin\zip.dll
0x00007ffaeb1a0000 - 0x00007ffaeb1b9000 	C:\Program Files\Java\jdk-16.0.2\bin\net.dll
0x00007ffaf56a0000 - 0x00007ffaf57ac000 	C:\WINDOWS\SYSTEM32\WINHTTP.dll
0x00007ffaea4a0000 - 0x00007ffaea4b3000 	C:\Program Files\Java\jdk-16.0.2\bin\nio.dll
0x00007ffaeb200000 - 0x00007ffaeb210000 	C:\Program Files\Java\jdk-16.0.2\bin\verify.dll
0x00007ffaf9390000 - 0x00007ffaf93a8000 	C:\WINDOWS\SYSTEM32\CRYPTSP.dll
0x00007ffaf8c80000 - 0x00007ffaf8cb5000 	C:\WINDOWS\system32\rsaenh.dll
0x00007ffaf9240000 - 0x00007ffaf9269000 	C:\WINDOWS\SYSTEM32\USERENV.dll
0x00007ffaf9510000 - 0x00007ffaf9537000 	C:\WINDOWS\SYSTEM32\bcrypt.dll
0x00007ffaf93b0000 - 0x00007ffaf93bc000 	C:\WINDOWS\SYSTEM32\CRYPTBASE.dll
0x00007ffaf5830000 - 0x00007ffaf5849000 	C:\WINDOWS\SYSTEM32\dhcpcsvc6.DLL
0x00007ffaf5ab0000 - 0x00007ffaf5ace000 	C:\WINDOWS\SYSTEM32\dhcpcsvc.DLL

dbghelp: loaded successfully - version: 4.0.5 - missing functions: none
symbol engine: initialized successfully - sym options: 0x614 - pdb path: .;C:\Program Files\Java\jdk-16.0.2\bin;C:\WINDOWS\SYSTEM32;C:\WINDOWS\WinSxS\amd64_microsoft.windows.common-controls_6595b64144ccf1df_6.0.22000.120_none_9d947278b86cc467;C:\Program Files\Java\jdk-16.0.2\bin\server

VM Arguments:
jvm_args: -XX:+ShowCodeDetailsInExceptionMessages -agentlib:jdwp=transport=dt_socket,suspend=y,address=localhost:61012 -javaagent:D:\Programas\java-2021-09\eclipse\configuration\org.eclipse.osgi\222\0\.cp\lib\javaagent-shaded.jar -Dfile.encoding=UTF-8 
java_command: com.antogo.MongoDBFinal.App
java_class_path (initial): F:\MongoDBFinalUpdateBug.zip\MongoDBFinal\target\classes;C:\Users\Sabiin\.m2\repository\org\mongodb\mongo-java-driver\3.12.10\mongo-java-driver-3.12.10.jar
Launcher Type: SUN_STANDARD

[Global flags]
     intx CICompilerCount                          = 12                                        {product} {ergonomic}
     uint ConcGCThreads                            = 3                                         {product} {ergonomic}
     uint G1ConcRefinementThreads                  = 13                                        {product} {ergonomic}
   size_t G1HeapRegionSize                         = 2097152                                   {product} {ergonomic}
    uintx GCDrainStackTargetSize                   = 64                                        {product} {ergonomic}
   size_t InitialHeapSize                          = 268435456                                 {product} {ergonomic}
   size_t MarkStackSize                            = 4194304                                   {product} {ergonomic}
   size_t MaxHeapSize                              = 4276092928                                {product} {ergonomic}
   size_t MaxNewSize                               = 2564816896                                {product} {ergonomic}
   size_t MinHeapDeltaBytes                        = 2097152                                   {product} {ergonomic}
   size_t MinHeapSize                              = 8388608                                   {product} {ergonomic}
    uintx NonNMethodCodeHeapSize                   = 7602480                                {pd product} {ergonomic}
    uintx NonProfiledCodeHeapSize                  = 122027880                              {pd product} {ergonomic}
    uintx ProfiledCodeHeapSize                     = 122027880                              {pd product} {ergonomic}
    uintx ReservedCodeCacheSize                    = 251658240                              {pd product} {ergonomic}
     bool SegmentedCodeCache                       = true                                      {product} {ergonomic}
     bool ShowCodeDetailsInExceptionMessages       = true                                   {manageable} {command line}
   size_t SoftMaxHeapSize                          = 4276092928                             {manageable} {ergonomic}
     bool UseCompressedClassPointers               = true                           {product lp64_product} {ergonomic}
     bool UseCompressedOops                        = true                           {product lp64_product} {ergonomic}
     bool UseG1GC                                  = true                                      {product} {ergonomic}
     bool UseLargePagesIndividualAllocation        = false                                  {pd product} {ergonomic}

Logging:
Log output configuration:
 #0: stdout all=warning uptime,level,tags
 #1: stderr all=off uptime,level,tags

Environment Variables:
JAVA_HOME=C:\Program Files\Java\jdk-16.0.2
PATH=C:/Program Files/Java/jdk-16.0.2/bin/server;C:/Program Files/Java/jdk-16.0.2/bin;C:\Program Files (x86)\Razer Chroma SDK\bin;C:\Program Files\Razer Chroma SDK\bin;C:\Program Files (x86)\Razer\ChromaBroadcast\bin;C:\Program Files\Razer\ChromaBroadcast\bin;C:\Program Files\Common Files\Oracle\Java\javapath;C:\Program Files (x86)\Common Files\Oracle\Java\javapath;C:\WINDOWS\system32;C:\WINDOWS;C:\WINDOWS\System32\Wbem;C:\WINDOWS\System32\WindowsPowerShell\v1.0\;C:\WINDOWS\System32\OpenSSH\;C:\Users\Sabiin\AppData\Local\Microsoft\WindowsApps;C:\Program Files\NVIDIA Corporation\NVIDIA NvDLISR;C:\Program Files (x86)\NVIDIA Corporation\PhysX\Common;C:\WINDOWS\system32\config\systemprofile\AppData\Local\Microsoft\WindowsApps;D:\Programas\puTTY\;D:\Descargas\apache-maven-3.8.4\bin;C:\Program Files\Java\jdk-16.0.2\bin;D:\Programas\Python\Scripts;D:\Programas\Git\cmd;;C:\WINDOWS\system32;C:\WINDOWS;C:\WINDOWS\System32\Wbem;C:\WINDOWS\System32\WindowsPowerShell\v1.0\;C:\WINDOWS\System32\OpenSSH\;C:\Users\Sabiin\AppData\Local\Microsoft\WindowsApps;D:\Programas\Microsoft VS Code\bin;D:\Programas\Python;D:\Programas\Python\Scripts;C:\Users\Sabiin\AppData\Local\Packages\PythonSoftwareFoundation.Python.3.9_qbz5n2kfra8p0\LocalCache\local-packages\Python39\Scripts;C:\Program Files\MongoDB\Server\5.0\bin\;;C:\WINDOWS\system32;
USERNAME=sabii
OS=Windows_NT
PROCESSOR_IDENTIFIER=Intel64 Family 6 Model 165 Stepping 5, GenuineIntel



---------------  S Y S T E M  ---------------

OS:
 Windows 10 , 64 bit Build 22000 (10.0.22000.434)
OS uptime: 0 days 9:52 hours

CPU: total 16 (initial active 16) (8 cores per cpu, 2 threads per core) family 6 model 165 stepping 5 microcode 0xec, cx8, cmov, fxsr, ht, mmx, 3dnowpref, sse, sse2, sse3, ssse3, sse4.1, sse4.2, popcnt, lzcnt, tsc, tscinvbit, avx, avx2, aes, erms, clmul, bmi1, bmi2, adx, fma, vzeroupper, clflush, clflushopt

Memory: 4k page, system-wide physical 16305M (5378M free)
TotalPageFile size 36785M (AvailPageFile size 18705M)
current process WorkingSet (physical memory assigned to process): 81M, peak: 93M
current process commit charge ("private bytes"): 368M, peak: 382M

vm_info: Java HotSpot(TM) 64-Bit Server VM (16.0.2+7-67) for windows-amd64 JRE (16.0.2+7-67), built on Jun  8 2021 23:24:19 by "mach5one" with MS VC++ 16.7 (VS2019)

END.
